TN:
SF:src/main.ts
FNF:0
FNH:0
DA:1,1
DA:2,1
LF:2
LH:2
BRF:0
BRH:0
end_of_record
TN:
SF:src/lib/inject.ts
FN:1,__name
FN:6,escapeScriptContent
FN:16,injectBomIntoHtml
FN:25,escapeRegex
FNF:4
FNH:4
FNDA:9,__name
FNDA:5,escapeScriptContent
FNDA:5,injectBomIntoHtml
FNDA:5,escapeRegex
DA:1,1
DA:2,1
DA:3,1
DA:4,1
DA:5,1
DA:6,5
DA:7,5
DA:8,5
DA:9,1
DA:10,1
DA:11,1
DA:12,1
DA:13,1
DA:14,1
DA:15,1
DA:16,1
DA:17,5
DA:18,5
DA:19,5
DA:20,5
DA:21,5
DA:22,5
DA:23,5
DA:24,1
DA:25,5
DA:26,5
DA:27,5
LF:27
LH:27
BRDA:1,0,0,9
BRDA:6,1,0,5
BRDA:16,2,0,5
BRDA:25,3,0,5
BRF:4
BRH:4
end_of_record
TN:
SF:src/lib/run.ts
FN:1,__name
FN:7,minimalCycloneDXCheck
FN:17,getDefaultOutputFilename
FN:41,run
FNF:4
FNH:3
FNDA:6,__name
FNDA:3,minimalCycloneDXCheck
FNDA:0,getDefaultOutputFilename
FNDA:4,run
DA:1,1
DA:2,1
DA:3,1
DA:4,1
DA:5,1
DA:6,1
DA:7,3
DA:8,3
DA:9,3
DA:10,3
DA:11,3
DA:12,2
DA:13,2
DA:14,3
DA:15,3
DA:16,1
DA:17,0
DA:18,0
DA:19,0
DA:20,0
DA:21,0
DA:22,0
DA:23,0
DA:24,1
DA:25,1
DA:26,1
DA:27,1
DA:28,1
DA:29,1
DA:30,1
DA:31,1
DA:32,1
DA:33,1
DA:34,1
DA:35,1
DA:36,1
DA:37,1
DA:38,1
DA:39,1
DA:40,1
DA:41,1
DA:42,4
DA:43,4
DA:44,4
DA:45,4
DA:46,4
DA:47,4
DA:48,1
DA:49,1
DA:50,4
DA:51,1
DA:52,1
DA:53,4
DA:54,4
DA:55,4
DA:56,0
DA:57,0
DA:58,0
DA:59,4
DA:60,2
DA:61,2
DA:62,4
DA:63,0
DA:64,0
DA:65,0
DA:66,4
DA:67,4
DA:68,0
DA:69,0
DA:70,4
DA:71,4
DA:72,2
DA:73,2
DA:74,0
DA:75,4
DA:76,4
DA:77,4
DA:78,4
DA:79,1
DA:80,1
DA:81,4
DA:82,4
DA:83,4
LF:83
LH:67
BRDA:1,0,0,6
BRDA:7,1,0,3
BRDA:8,2,0,0
BRDA:11,3,0,2
BRDA:13,4,0,0
BRDA:41,5,0,4
BRDA:47,6,0,1
BRDA:50,7,0,3
BRDA:50,8,0,1
BRDA:54,9,0,2
BRDA:55,10,0,0
BRDA:59,11,0,2
BRDA:62,12,0,0
BRDA:67,13,0,2
BRDA:67,14,0,0
BRDA:71,15,0,2
BRDA:73,16,0,0
BRDA:78,17,0,1
BRDA:78,18,0,1
BRDA:82,19,0,2
BRF:20
BRH:14
end_of_record
TN:
SF:src/lib/template-path.ts
FN:1,__name
FN:7,getViewerTemplatePath
FNF:2
FNH:2
FNDA:3,__name
FNDA:3,getViewerTemplatePath
DA:1,1
DA:2,1
DA:3,1
DA:4,1
DA:5,1
DA:6,1
DA:7,1
DA:8,3
DA:9,3
LF:9
LH:9
BRDA:1,0,0,3
BRDA:7,1,0,3
BRF:2
BRH:2
end_of_record
